<?xml version="1.0" encoding="UTF-8"?>
<!-- Generated by org.testng.reporters.JUnitReportReporter -->
<testsuite hostname="Praneeth" failures="0" tests="1" name="testScripts.TestCase4" time="7.491" errors="0" timestamp="2022-11-24T21:23:16 IST" skipped="0">
  <testcase classname="testScripts.TestCase4" name="fourthTest" time="7.491"/>
  <system-out/>
</testsuite> <!-- testScripts.TestCase4 -->
